18:42:07 **** Build of configuration Debug for project EjercicioParcial_Horno ****
make -r -j4 all 
Building file: ../src/EjercicioParcial_Horno.c
Invoking: MCU C Compiler
arm-none-eabi-gcc -DDEBUG -D__CODE_RED -DCORE_M3 -D__USE_CMSIS=CMSISv2p00_LPC17xx -D__LPC17XX__ -D__REDLIB__ -I"C:\Users\Luis Lenta\Documents\MCUXpressoIDE_11.0.0_2516\workspace\CMSISv2p00_LPC17xx\Drivers\inc" -I"C:\Users\Luis Lenta\Documents\MCUXpressoIDE_11.0.0_2516\workspace\CMSISv2p00_LPC17xx\inc" -O0 -fno-common -g3 -Wall -c -fmessage-length=0 -fno-builtin -ffunction-sections -fdata-sections -mcpu=cortex-m3 -mthumb -fstack-usage -specs=redlib.specs -MMD -MP -MF"src/EjercicioParcial_Horno.d" -MT"src/EjercicioParcial_Horno.o" -MT"src/EjercicioParcial_Horno.d" -o "src/EjercicioParcial_Horno.o" "../src/EjercicioParcial_Horno.c"
../src/EjercicioParcial_Horno.c: In function 'configSysTick':
../src/EjercicioParcial_Horno.c:93:2: warning: implicit declaration of function 'SYSTICK_InternalInit' [-Wimplicit-function-declaration]
  SYSTICK_InternalInit(10);
  ^~~~~~~~~~~~~~~~~~~~
../src/EjercicioParcial_Horno.c:94:2: warning: implicit declaration of function 'SYSTICK_IntCmd'; did you mean 'FIO_IntCmd'? [-Wimplicit-function-declaration]
  SYSTICK_IntCmd(ENABLE);
  ^~~~~~~~~~~~~~
  FIO_IntCmd
../src/EjercicioParcial_Horno.c:95:2: warning: implicit declaration of function 'SYSTICK_Cmd'; did you mean 'TIM_Cmd'? [-Wimplicit-function-declaration]
  SYSTICK_Cmd(ENABLE);
  ^~~~~~~~~~~
  TIM_Cmd
../src/EjercicioParcial_Horno.c: In function 'SysTick_Handler':
../src/EjercicioParcial_Horno.c:103:2: warning: implicit declaration of function 'SYSTICK_ClearCounterFlag' [-Wimplicit-function-declaration]
  SYSTICK_ClearCounterFlag();
  ^~~~~~~~~~~~~~~~~~~~~~~~
Command canceled

18:42:09 Build Cancelled. (took 1s.793ms)

